[debug] [2023-11-15T08:49:15.164Z] ----------------------------------------------------------------------
[debug] [2023-11-15T08:49:15.165Z] Command:       C:\Program Files\nodejs\node.exe C:\Users\kaloy\AppData\Roaming\npm\node_modules\firebase-tools\lib\bin\firebase.js deploy
[debug] [2023-11-15T08:49:15.166Z] CLI Version:   12.6.0
[debug] [2023-11-15T08:49:15.166Z] Platform:      win32
[debug] [2023-11-15T08:49:15.166Z] Node Version:  v21.1.0
[debug] [2023-11-15T08:49:15.166Z] Time:          Wed Nov 15 2023 10:49:15 GMT+0200 (Eastern European Standard Time)
[debug] [2023-11-15T08:49:15.166Z] ----------------------------------------------------------------------
[debug] 
[debug] [2023-11-15T08:49:15.169Z] >>> [apiv2][query] GET https://firebase-public.firebaseio.com/cli.json [none]
[debug] [2023-11-15T08:49:15.243Z] > command requires scopes: ["email","openid","https://www.googleapis.com/auth/cloudplatformprojects.readonly","https://www.googleapis.com/auth/firebase","https://www.googleapis.com/auth/cloud-platform"]
[debug] [2023-11-15T08:49:15.243Z] > authorizing via signed-in user (kaloyangfx@gmail.com)
[debug] [2023-11-15T08:49:15.243Z] [iam] checking project kaloyanes-portfolio for permissions ["datastore.indexes.create","datastore.indexes.delete","datastore.indexes.list","datastore.indexes.update","firebase.projects.get","firebasehosting.sites.update"]
[debug] [2023-11-15T08:49:15.244Z] > refreshing access token with scopes: []
[debug] [2023-11-15T08:49:15.245Z] >>> [apiv2][query] POST https://www.googleapis.com/oauth2/v3/token [none]
[debug] [2023-11-15T08:49:15.245Z] >>> [apiv2][body] POST https://www.googleapis.com/oauth2/v3/token [omitted]
[debug] [2023-11-15T08:49:15.386Z] <<< [apiv2][status] POST https://www.googleapis.com/oauth2/v3/token 200
[debug] [2023-11-15T08:49:15.386Z] <<< [apiv2][body] POST https://www.googleapis.com/oauth2/v3/token [omitted]
[debug] [2023-11-15T08:49:15.396Z] >>> [apiv2][query] POST https://cloudresourcemanager.googleapis.com/v1/projects/kaloyanes-portfolio:testIamPermissions [none]
[debug] [2023-11-15T08:49:15.396Z] >>> [apiv2][(partial)header] POST https://cloudresourcemanager.googleapis.com/v1/projects/kaloyanes-portfolio:testIamPermissions x-goog-quota-user=projects/kaloyanes-portfolio
[debug] [2023-11-15T08:49:15.396Z] >>> [apiv2][body] POST https://cloudresourcemanager.googleapis.com/v1/projects/kaloyanes-portfolio:testIamPermissions {"permissions":["datastore.indexes.create","datastore.indexes.delete","datastore.indexes.list","datastore.indexes.update","firebase.projects.get","firebasehosting.sites.update"]}
[debug] [2023-11-15T08:49:15.596Z] <<< [apiv2][status] GET https://firebase-public.firebaseio.com/cli.json 200
[debug] [2023-11-15T08:49:15.596Z] <<< [apiv2][body] GET https://firebase-public.firebaseio.com/cli.json {"cloudBuildErrorAfter":1594252800000,"cloudBuildWarnAfter":1590019200000,"defaultNode10After":1594252800000,"minVersion":"3.0.5","node8DeploysDisabledAfter":1613390400000,"node8RuntimeDisabledAfter":1615809600000,"node8WarnAfter":1600128000000}
[debug] [2023-11-15T08:49:16.340Z] <<< [apiv2][status] POST https://cloudresourcemanager.googleapis.com/v1/projects/kaloyanes-portfolio:testIamPermissions 200
[debug] [2023-11-15T08:49:16.340Z] <<< [apiv2][body] POST https://cloudresourcemanager.googleapis.com/v1/projects/kaloyanes-portfolio:testIamPermissions {"permissions":["datastore.indexes.create","datastore.indexes.delete","datastore.indexes.list","datastore.indexes.update","firebase.projects.get","firebasehosting.sites.update"]}
[debug] [2023-11-15T08:49:16.340Z] >>> [apiv2][query] GET https://firebase.googleapis.com/v1beta1/projects/kaloyanes-portfolio [none]
[debug] [2023-11-15T08:49:16.735Z] <<< [apiv2][status] GET https://firebase.googleapis.com/v1beta1/projects/kaloyanes-portfolio 200
[debug] [2023-11-15T08:49:16.735Z] <<< [apiv2][body] GET https://firebase.googleapis.com/v1beta1/projects/kaloyanes-portfolio {"projectId":"kaloyanes-portfolio","projectNumber":"191853203948","displayName":"kaloyanes-portfolio","name":"projects/kaloyanes-portfolio","resources":{"hostingSite":"kaloyanes-portfolio"},"state":"ACTIVE","etag":"1_79465a0c-cc71-490d-8d15-189710f31aa1"}
[debug] [2023-11-15T08:49:18.395Z] >>> [apiv2][query] GET https://firebasehosting.googleapis.com/v1beta1/projects/kaloyanes-portfolio/sites pageToken=&pageSize=10
[debug] [2023-11-15T08:49:19.561Z] <<< [apiv2][status] GET https://firebasehosting.googleapis.com/v1beta1/projects/kaloyanes-portfolio/sites 200
[debug] [2023-11-15T08:49:19.561Z] <<< [apiv2][body] GET https://firebasehosting.googleapis.com/v1beta1/projects/kaloyanes-portfolio/sites {"sites":[{"name":"projects/kaloyanes-portfolio/sites/kaloyanes-portfolio","defaultUrl":"https://kaloyanes-portfolio.web.app","appId":"1:191853203948:web:25121024417a2103e0b0c9","type":"DEFAULT_SITE"}]}
[debug] [2023-11-15T08:49:19.561Z] >>> [apiv2][query] GET https://firebase.googleapis.com/v1beta1/projects/-/webApps/1:191853203948:web:25121024417a2103e0b0c9/config [none]
[debug] [2023-11-15T08:49:20.387Z] <<< [apiv2][status] GET https://firebase.googleapis.com/v1beta1/projects/-/webApps/1:191853203948:web:25121024417a2103e0b0c9/config 200
[debug] [2023-11-15T08:49:20.387Z] <<< [apiv2][body] GET https://firebase.googleapis.com/v1beta1/projects/-/webApps/1:191853203948:web:25121024417a2103e0b0c9/config {"projectId":"kaloyanes-portfolio","appId":"1:191853203948:web:25121024417a2103e0b0c9","storageBucket":"kaloyanes-portfolio.appspot.com","apiKey":"AIzaSyCKGvJjnm3JxESI67fsJ3I6QAUSpk6lWX8","authDomain":"kaloyanes-portfolio.firebaseapp.com","messagingSenderId":"191853203948","measurementId":"G-0L6X6Q5RER"}
[info] 
   Thank you for trying our experimental support for SvelteKit on Firebase Hosting.
   While this integration is maintained by Googlers it is not a supported Firebase product.
   Issues filed on GitHub will be addressed on a best-effort basis by maintainers and other community members.

   Documentation: https://firebase.google.com/docs/hosting/frameworks/frameworks-overview
   File a bug: https://github.com/firebase/firebase-tools/issues/new?template=bug_report.md
   Submit a feature request: https://github.com/firebase/firebase-tools/issues/new?template=feature_request.md

   We'd love to learn from you. Express your interest in helping us shape the future of Firebase Hosting: https://goo.gle/41enW5X

